<?xml version="1.0" encoding="UTF-8"?>
<testng-results ignored="1" total="6" passed="5" failed="0" skipped="0">
  <reporter-output>
  </reporter-output>
  <suite started-at="2022-03-01T11:06:43 IST" name="Suite" finished-at="2022-03-01T11:06:44 IST" duration-ms="92">
    <groups>
    </groups>
    <test started-at="2022-03-01T11:06:43 IST" name="scenario1" finished-at="2022-03-01T11:06:44 IST" duration-ms="37">
      <class name="test.demo">
        <test-method is-config="true" signature="m2()[pri:0, instance:test.demo@50b5ac82]" started-at="2022-03-01T11:06:43 IST" name="m2" finished-at="2022-03-01T11:06:43 IST" duration-ms="4" status="PASS">
          <reporter-output>
          </reporter-output>
        </test-method> <!-- m2 -->
        <test-method is-config="true" signature="m5()[pri:0, instance:test.demo@50b5ac82]" started-at="2022-03-01T11:06:44 IST" name="m5" finished-at="2022-03-01T11:06:44 IST" duration-ms="0" status="PASS">
          <reporter-output>
          </reporter-output>
        </test-method> <!-- m5 -->
        <test-method is-config="true" signature="beforeMethod()[pri:0, instance:test.demo@50b5ac82]" started-at="2022-03-01T11:06:44 IST" name="beforeMethod" finished-at="2022-03-01T11:06:44 IST" duration-ms="0" status="PASS">
          <reporter-output>
          </reporter-output>
        </test-method> <!-- beforeMethod -->
        <test-method signature="m1()[pri:0, instance:test.demo@50b5ac82]" started-at="2022-03-01T11:06:44 IST" name="m1" finished-at="2022-03-01T11:06:44 IST" duration-ms="4" status="PASS">
          <reporter-output>
          </reporter-output>
        </test-method> <!-- m1 -->
        <test-method is-config="true" signature="beforeMethod()[pri:0, instance:test.demo@50b5ac82]" started-at="2022-03-01T11:06:44 IST" name="beforeMethod" finished-at="2022-03-01T11:06:44 IST" duration-ms="0" status="PASS">
          <reporter-output>
          </reporter-output>
        </test-method> <!-- beforeMethod -->
        <test-method signature="m3()[pri:0, instance:test.demo@50b5ac82]" started-at="2022-03-01T11:06:44 IST" name="m3" finished-at="2022-03-01T11:06:44 IST" duration-ms="0" status="PASS">
          <reporter-output>
          </reporter-output>
        </test-method> <!-- m3 -->
        <test-method is-config="true" signature="beforeMethod()[pri:0, instance:test.demo@50b5ac82]" started-at="2022-03-01T11:06:44 IST" name="beforeMethod" finished-at="2022-03-01T11:06:44 IST" duration-ms="1" status="PASS">
          <reporter-output>
          </reporter-output>
        </test-method> <!-- beforeMethod -->
        <test-method signature="m4()[pri:0, instance:test.demo@50b5ac82]" started-at="2022-03-01T11:06:44 IST" name="m4" finished-at="2022-03-01T11:06:44 IST" duration-ms="0" status="PASS">
          <reporter-output>
          </reporter-output>
        </test-method> <!-- m4 -->
      </class> <!-- test.demo -->
      <class name="test.class1">
        <test-method is-config="true" signature="method1()[pri:0, instance:test.class1@50ad3bc1]" started-at="2022-03-01T11:06:44 IST" name="method1" finished-at="2022-03-01T11:06:44 IST" duration-ms="0" status="PASS">
          <reporter-output>
          </reporter-output>
        </test-method> <!-- method1 -->
      </class> <!-- test.class1 -->
    </test> <!-- scenario1 -->
    <test started-at="2022-03-01T11:06:44 IST" name="scenario2" finished-at="2022-03-01T11:06:44 IST" duration-ms="7">
      <class name="test.class4">
        <test-method signature="method1()[pri:0, instance:test.class4@1da2cb77]" started-at="2022-03-01T11:06:44 IST" name="method1" finished-at="2022-03-01T11:06:44 IST" duration-ms="1" status="PASS">
          <reporter-output>
          </reporter-output>
        </test-method> <!-- method1 -->
      </class> <!-- test.class4 -->
      <class name="test.class3">
        <test-method is-config="true" signature="method23()[pri:0, instance:test.class3@611889f4]" started-at="2022-03-01T11:06:43 IST" name="method23" finished-at="2022-03-01T11:06:43 IST" duration-ms="7" status="PASS">
          <reporter-output>
          </reporter-output>
        </test-method> <!-- method23 -->
        <test-method signature="method1()[pri:0, instance:test.class3@611889f4]" started-at="2022-03-01T11:06:44 IST" name="method1" finished-at="2022-03-01T11:06:44 IST" duration-ms="1" status="PASS">
          <reporter-output>
          </reporter-output>
        </test-method> <!-- method1 -->
      </class> <!-- test.class3 -->
    </test> <!-- scenario2 -->
  </suite> <!-- Suite -->
</testng-results>
