<?xml version="1.0" encoding="UTF-8"?>
<testng-results ignored="1" total="12" passed="11" failed="0" skipped="0">
  <reporter-output>
  </reporter-output>
  <suite started-at="2022-03-20T08:21:53 IST" name="Suite" finished-at="2022-03-20T08:21:53 IST" duration-ms="74">
    <groups>
      <group name="SmokeTest">
        <method signature="NewClass1.newMethod4()[pri:0, instance:test_two.NewClass1@66498326]" name="newMethod4" class="test_two.NewClass1"/>
        <method signature="NewClasstwo.newMethod2()[pri:0, instance:test_two.NewClasstwo@57af006c]" name="newMethod2" class="test_two.NewClasstwo"/>
      </group> <!-- SmokeTest -->
    </groups>
    <test started-at="2022-03-20T08:21:53 IST" name="package-two" finished-at="2022-03-20T08:21:53 IST" duration-ms="74">
      <class name="test_two.NewClassThree">
        <test-method signature="checkmethod(java.lang.String,java.lang.String)[pri:0, instance:test_two.NewClassThree@6d3a388c]" started-at="2022-03-20T08:21:53 IST" name="checkmethod" data-provider="UserPass" finished-at="2022-03-20T08:21:53 IST" duration-ms="1" status="PASS">
          <params>
            <param index="0">
              <value>
                <![CDATA[FirstUser]]>
              </value>
            </param>
            <param index="1">
              <value>
                <![CDATA[FirstPassword]]>
              </value>
            </param>
          </params>
          <reporter-output>
          </reporter-output>
        </test-method> <!-- checkmethod -->
        <test-method signature="checkmethod(java.lang.String,java.lang.String)[pri:0, instance:test_two.NewClassThree@6d3a388c]" started-at="2022-03-20T08:21:53 IST" name="checkmethod" data-provider="UserPass" finished-at="2022-03-20T08:21:53 IST" duration-ms="2" status="PASS">
          <params>
            <param index="0">
              <value>
                <![CDATA[SecondUser]]>
              </value>
            </param>
            <param index="1">
              <value>
                <![CDATA[SecondPassword]]>
              </value>
            </param>
          </params>
          <reporter-output>
          </reporter-output>
        </test-method> <!-- checkmethod -->
        <test-method signature="checkmethod(java.lang.String,java.lang.String)[pri:0, instance:test_two.NewClassThree@6d3a388c]" started-at="2022-03-20T08:21:53 IST" name="checkmethod" data-provider="UserPass" finished-at="2022-03-20T08:21:53 IST" duration-ms="2" status="PASS">
          <params>
            <param index="0">
              <value>
                <![CDATA[ThirdUser]]>
              </value>
            </param>
            <param index="1">
              <value>
                <![CDATA[ThirdPassword]]>
              </value>
            </param>
          </params>
          <reporter-output>
          </reporter-output>
        </test-method> <!-- checkmethod -->
      </class> <!-- test_two.NewClassThree -->
      <class name="test_two.NewClass1">
        <test-method signature="newMethod1()[pri:0, instance:test_two.NewClass1@66498326]" started-at="2022-03-20T08:21:53 IST" name="newMethod1" finished-at="2022-03-20T08:21:53 IST" duration-ms="7" status="PASS">
          <reporter-output>
          </reporter-output>
        </test-method> <!-- newMethod1 -->
        <test-method signature="newMethod2()[pri:0, instance:test_two.NewClass1@66498326]" started-at="2022-03-20T08:21:53 IST" name="newMethod2" finished-at="2022-03-20T08:21:53 IST" duration-ms="2" status="PASS">
          <reporter-output>
          </reporter-output>
        </test-method> <!-- newMethod2 -->
        <test-method signature="newMethod3()[pri:0, instance:test_two.NewClass1@66498326]" started-at="2022-03-20T08:21:53 IST" name="newMethod3" finished-at="2022-03-20T08:21:53 IST" duration-ms="1" status="PASS">
          <reporter-output>
          </reporter-output>
        </test-method> <!-- newMethod3 -->
        <test-method signature="newMethod4()[pri:0, instance:test_two.NewClass1@66498326]" started-at="2022-03-20T08:21:53 IST" name="newMethod4" finished-at="2022-03-20T08:21:53 IST" duration-ms="1" status="PASS">
          <reporter-output>
          </reporter-output>
        </test-method> <!-- newMethod4 -->
      </class> <!-- test_two.NewClass1 -->
      <class name="test_two.NewClasstwo">
        <test-method signature="newMethod2()[pri:0, instance:test_two.NewClasstwo@57af006c]" started-at="2022-03-20T08:21:53 IST" name="newMethod2" finished-at="2022-03-20T08:21:53 IST" duration-ms="2" status="PASS">
          <reporter-output>
          </reporter-output>
        </test-method> <!-- newMethod2 -->
        <test-method signature="newMethod3(java.lang.String)[pri:0, instance:test_two.NewClasstwo@57af006c]" started-at="2022-03-20T08:21:53 IST" name="newMethod3" finished-at="2022-03-20T08:21:53 IST" duration-ms="1" status="PASS">
          <params>
            <param index="0">
              <value>
                <![CDATA[thisIsGlobalVariable]]>
              </value>
            </param>
          </params>
          <reporter-output>
          </reporter-output>
        </test-method> <!-- newMethod3 -->
        <test-method signature="newMethod4()[pri:0, instance:test_two.NewClasstwo@57af006c]" started-at="2022-03-20T08:21:53 IST" name="newMethod4" finished-at="2022-03-20T08:21:53 IST" duration-ms="1" status="PASS">
          <reporter-output>
          </reporter-output>
        </test-method> <!-- newMethod4 -->
        <test-method signature="newMethod5()[pri:0, instance:test_two.NewClasstwo@57af006c]" started-at="2022-03-20T08:21:53 IST" name="newMethod5" finished-at="2022-03-20T08:21:53 IST" duration-ms="1" status="PASS">
          <reporter-output>
          </reporter-output>
        </test-method> <!-- newMethod5 -->
      </class> <!-- test_two.NewClasstwo -->
    </test> <!-- package-two -->
  </suite> <!-- Suite -->
</testng-results>
