<?xml version="1.0" encoding="UTF-8"?>
<!-- Generated by org.testng.reporters.JUnitXMLReporter -->
<testsuite ignored="0" hostname="LAPTOP-00TCO18I" failures="0" tests="3" name="Default test" time="0.052" errors="0" timestamp="2022-03-01T10:32:34 IST">
  <testcase classname="test_two.NewClassThree" name="checkmethod" time="0.006"/>
  <testcase classname="test_two.NewClassThree" name="checkmethod" time="0.002"/>
  <testcase classname="test_two.NewClassThree" name="checkmethod" time="0.0"/>
</testsuite> <!-- Default test -->
