<?xml version="1.0" encoding="UTF-8"?>
<!-- Generated by org.testng.reporters.JUnitXMLReporter -->
<testsuite ignored="0" hostname="LAPTOP-00TCO18I" failures="0" tests="3" name="Default test" time="58.347" errors="0" timestamp="2022-07-30T11:48:19 IST">
  <testcase classname="AmazonTest.HelloSignInTest" name="HelloSignInTestMethod" time="21.517"/>
  <testcase classname="AmazonTest.SportsAndFitnessTest" name="SportsAndFitnessTestMethod" time="17.103"/>
  <testcase classname="AmazonTest.HelloSignInTest" name="HelloSignInTestMethod" time="19.681"/>
</testsuite> <!-- Default test -->
