<?xml version="1.0" encoding="UTF-8"?>
<!-- Generated by org.testng.reporters.JUnitXMLReporter -->
<testsuite ignored="1" hostname="LAPTOP-00TCO18I" failures="0" tests="2" name="Default test" time="41.092" errors="0" timestamp="2022-05-21T15:37:22 IST">
  <testcase classname="AmazonTest.HelloSignInTest" name="HelloSignInTestMethod" time="22.387"/>
  <testcase classname="AmazonTest.SportsAndFitnessTest" name="SportsAndFitnessTestMethod" time="18.664"/>
  <testcase classname="AmazonTest.HelloSignInTest" name="HelloSignInTestMethod" time="0.0">
    <ignored/>
  </testcase> <!-- HelloSignInTestMethod -->
</testsuite> <!-- Default test -->
