<?xml version="1.0" encoding="UTF-8"?>
<testng-results ignored="0" total="1" passed="1" failed="0" skipped="0">
  <reporter-output>
  </reporter-output>
  <suite started-at="2022-07-30T09:15:52 IST" name="Default suite" finished-at="2022-07-30T09:16:01 IST" duration-ms="9040">
    <groups>
    </groups>
    <test started-at="2022-07-30T09:15:52 IST" name="Default test" finished-at="2022-07-30T09:16:01 IST" duration-ms="9040">
      <class name="DemoPackage.ExtentReportDemo">
        <test-method is-config="true" signature="config()[pri:0, instance:DemoPackage.ExtentReportDemo@52719fb6]" started-at="2022-07-30T09:15:52 IST" name="config" finished-at="2022-07-30T09:15:52 IST" duration-ms="123" status="PASS">
          <reporter-output>
          </reporter-output>
        </test-method> <!-- config -->
        <test-method signature="initialDemo()[pri:0, instance:DemoPackage.ExtentReportDemo@52719fb6]" started-at="2022-07-30T09:15:52 IST" name="initialDemo" finished-at="2022-07-30T09:16:01 IST" duration-ms="8886" status="PASS">
          <reporter-output>
          </reporter-output>
        </test-method> <!-- initialDemo -->
      </class> <!-- DemoPackage.ExtentReportDemo -->
    </test> <!-- Default test -->
  </suite> <!-- Default suite -->
</testng-results>
