<?xml version="1.0" encoding="UTF-8"?>
<!-- Generated by org.testng.reporters.JUnitXMLReporter -->
<testsuite hostname="LAPTOP-00TCO18I" failures="1" tests="1" name="Test1" time="6.325" errors="0" timestamp="20 Mar 2022 15:40:40 GMT">
  <testcase classname="AcademyPackage.SlidderTest" name="TestSlidderPage" time="4.456">
    <failure type="java.lang.AssertionError" message="expected [true] but found [false]">
      <![CDATA[java.lang.AssertionError: expected [true] but found [false]
	at AcademyPackage.SlidderTest.TestSlidderPage(SlidderTest.java:37)
	at java.base/java.util.concurrent.FutureTask.run(FutureTask.java:264)
	at java.base/java.util.concurrent.ThreadPoolExecutor.runWorker(ThreadPoolExecutor.java:1130)
	at java.base/java.util.concurrent.ThreadPoolExecutor$Worker.run(ThreadPoolExecutor.java:630)
	at java.base/java.lang.Thread.run(Thread.java:831)
... Removed 20 stack frames]]>
    </failure>
  </testcase> <!-- TestSlidderPage -->
</testsuite> <!-- Test1 -->
