<?xml version="1.0" encoding="UTF-8"?>
<!-- Generated by org.testng.reporters.JUnitXMLReporter -->
<testsuite hostname="LAPTOP-00TCO18I" failures="0" tests="3" name="Test" time="20.719" errors="0" timestamp="20 Mar 2022 12:45:51 GMT">
  <testcase classname="AcademyPackage.SlidderTest" name="TestSlidderPage" time="9.291"/>
  <testcase classname="AcademyPackage.TestingUIpageTest" name="homePage" time="6.317"/>
  <testcase classname="AcademyPackage.TestingUIpageTest" name="sortPage" time="1.69"/>
</testsuite> <!-- Test -->
