<?xml version="1.0" encoding="UTF-8"?>
<testng-results total="3" passed="2" failed="1" skipped="0">
  <reporter-output>
  </reporter-output>
  <suite started-at="2022-03-20T15:40:33Z" name="Suite" finished-at="2022-03-20T15:40:44Z" duration-ms="11102">
    <groups>
    </groups>
    <test started-at="2022-03-20T15:40:33Z" name="Test1" finished-at="2022-03-20T15:40:40Z" duration-ms="6325">
      <class name="AcademyPackage.SlidderTest">
        <test-method is-config="true" signature="Initializedriver()[pri:0, instance:AcademyPackage.SlidderTest@f107c50]" started-at="2022-03-20T21:10:33Z" name="Initializedriver" finished-at="2022-03-20T21:10:35Z" duration-ms="1746" status="PASS">
          <reporter-output>
          </reporter-output>
        </test-method> <!-- Initializedriver -->
        <test-method signature="TestSlidderPage()[pri:0, instance:AcademyPackage.SlidderTest@f107c50]" started-at="2022-03-20T21:10:35Z" name="TestSlidderPage" finished-at="2022-03-20T21:10:39Z" duration-ms="4456" status="FAIL">
          <exception class="java.lang.AssertionError">
            <message>
              <![CDATA[expected [true] but found [false]]]>
            </message>
            <full-stacktrace>
              <![CDATA[java.lang.AssertionError: expected [true] but found [false]
	at org.testng.Assert.fail(Assert.java:94)
	at org.testng.Assert.failNotEquals(Assert.java:494)
	at org.testng.Assert.assertTrue(Assert.java:42)
	at org.testng.Assert.assertTrue(Assert.java:52)
	at AcademyPackage.SlidderTest.TestSlidderPage(SlidderTest.java:37)
	at java.base/jdk.internal.reflect.NativeMethodAccessorImpl.invoke0(Native Method)
	at java.base/jdk.internal.reflect.NativeMethodAccessorImpl.invoke(NativeMethodAccessorImpl.java:78)
	at java.base/jdk.internal.reflect.DelegatingMethodAccessorImpl.invoke(DelegatingMethodAccessorImpl.java:43)
	at java.base/java.lang.reflect.Method.invoke(Method.java:567)
	at org.testng.internal.MethodInvocationHelper.invokeMethod(MethodInvocationHelper.java:80)
	at org.testng.internal.Invoker.invokeMethod(Invoker.java:714)
	at org.testng.internal.Invoker.invokeTestMethod(Invoker.java:901)
	at org.testng.internal.Invoker.invokeTestMethods(Invoker.java:1231)
	at org.testng.internal.TestMethodWorker.invokeTestMethods(TestMethodWorker.java:127)
	at org.testng.internal.TestMethodWorker.run(TestMethodWorker.java:111)
	at org.testng.TestRunner.privateRun(TestRunner.java:767)
	at org.testng.TestRunner.run(TestRunner.java:617)
	at org.testng.SuiteRunner.runTest(SuiteRunner.java:334)
	at org.testng.SuiteRunner.access$000(SuiteRunner.java:37)
	at org.testng.SuiteRunner$SuiteWorker.run(SuiteRunner.java:368)
	at org.testng.internal.thread.ThreadUtil$2.call(ThreadUtil.java:64)
	at java.base/java.util.concurrent.FutureTask.run(FutureTask.java:264)
	at java.base/java.util.concurrent.ThreadPoolExecutor.runWorker(ThreadPoolExecutor.java:1130)
	at java.base/java.util.concurrent.ThreadPoolExecutor$Worker.run(ThreadPoolExecutor.java:630)
	at java.base/java.lang.Thread.run(Thread.java:831)
]]>
            </full-stacktrace>
          </exception> <!-- java.lang.AssertionError -->
          <reporter-output>
          </reporter-output>
        </test-method> <!-- TestSlidderPage -->
        <test-method is-config="true" signature="closeBrowser()[pri:0, instance:AcademyPackage.SlidderTest@f107c50]" started-at="2022-03-20T21:10:39Z" name="closeBrowser" finished-at="2022-03-20T21:10:40Z" duration-ms="110" status="PASS">
          <reporter-output>
          </reporter-output>
        </test-method> <!-- closeBrowser -->
      </class> <!-- AcademyPackage.SlidderTest -->
    </test> <!-- Test1 -->
    <test started-at="2022-03-20T15:40:33Z" name="Test2" finished-at="2022-03-20T15:40:44Z" duration-ms="11102">
      <class name="AcademyPackage.TestingUIpageTest">
        <test-method is-config="true" signature="Initializedriver()[pri:0, instance:AcademyPackage.TestingUIpageTest@38b27cdc]" started-at="2022-03-20T21:10:33Z" name="Initializedriver" finished-at="2022-03-20T21:10:35Z" duration-ms="1746" status="PASS">
          <reporter-output>
          </reporter-output>
        </test-method> <!-- Initializedriver -->
        <test-method signature="homePage(java.lang.String)[pri:0, instance:AcademyPackage.TestingUIpageTest@38b27cdc]" started-at="2022-03-20T21:10:35Z" name="homePage" data-provider="getLinkData" finished-at="2022-03-20T21:10:41Z" duration-ms="5900" status="PASS">
          <params>
            <param index="0">
              <value>
                <![CDATA[https://jqueryui.com/]]>
              </value>
            </param>
          </params>
          <reporter-output>
          </reporter-output>
        </test-method> <!-- homePage -->
        <test-method signature="sortPage()[pri:0, instance:AcademyPackage.TestingUIpageTest@38b27cdc]" started-at="2022-03-20T21:10:41Z" name="sortPage" finished-at="2022-03-20T21:10:44Z" duration-ms="3330" status="PASS">
          <reporter-output>
          </reporter-output>
        </test-method> <!-- sortPage -->
        <test-method is-config="true" signature="closeBrowser()[pri:0, instance:AcademyPackage.TestingUIpageTest@38b27cdc]" started-at="2022-03-20T21:10:44Z" name="closeBrowser" finished-at="2022-03-20T21:10:44Z" duration-ms="113" status="PASS">
          <reporter-output>
          </reporter-output>
        </test-method> <!-- closeBrowser -->
      </class> <!-- AcademyPackage.TestingUIpageTest -->
    </test> <!-- Test2 -->
  </suite> <!-- Suite -->
</testng-results>
