<?xml version="1.0" encoding="UTF-8"?>
<testng-results ignored="0" total="1" passed="1" failed="0" skipped="0">
  <reporter-output>
  </reporter-output>
  <suite started-at="2022-05-05T22:42:21 IST" name="Default suite" finished-at="2022-05-05T22:42:40 IST" duration-ms="19152">
    <groups>
    </groups>
    <test started-at="2022-05-05T22:42:21 IST" name="Default test" finished-at="2022-05-05T22:42:40 IST" duration-ms="19152">
      <class name="AmazonTest.HomePageTest">
        <test-method signature="HomePageTest()[pri:0, instance:AmazonTest.HomePageTest@4738a206]" started-at="2022-05-05T22:42:21 IST" name="HomePageTest" finished-at="2022-05-05T22:42:40 IST" duration-ms="19123" status="PASS">
          <reporter-output>
          </reporter-output>
        </test-method> <!-- HomePageTest -->
      </class> <!-- AmazonTest.HomePageTest -->
    </test> <!-- Default test -->
  </suite> <!-- Default suite -->
</testng-results>
