<?xml version="1.0" encoding="UTF-8"?>
<testng-results ignored="0" total="1" passed="1" failed="0" skipped="0">
  <reporter-output>
  </reporter-output>
  <suite started-at="2022-08-04T10:42:59 IST" name="Default suite" finished-at="2022-08-04T10:43:23 IST" duration-ms="24184">
    <groups>
    </groups>
    <test started-at="2022-08-04T10:42:59 IST" name="Default test" finished-at="2022-08-04T10:43:23 IST" duration-ms="24184">
      <class name="AmazonTest.HelloSignInTest">
        <test-method signature="HelloSignInTestMethod()[pri:0, instance:AmazonTest.HelloSignInTest@f5acb9d]" started-at="2022-08-04T10:42:59 IST" name="HelloSignInTestMethod" finished-at="2022-08-04T10:43:23 IST" duration-ms="24148" status="PASS">
          <reporter-output>
          </reporter-output>
        </test-method> <!-- HelloSignInTestMethod -->
      </class> <!-- AmazonTest.HelloSignInTest -->
    </test> <!-- Default test -->
  </suite> <!-- Default suite -->
</testng-results>
