<?xml version="1.0" encoding="UTF-8"?>
<!-- Generated by org.testng.reporters.JUnitXMLReporter -->
<testsuite ignored="1" hostname="LAPTOP-00TCO18I" failures="0" tests="11" name="package-two" time="0.074" errors="0" timestamp="2022-03-20T08:21:53 IST">
  <testcase classname="test_two.NewClass1" name="newMethod1" time="0.007"/>
  <testcase classname="test_two.NewClass1" name="newMethod2" time="0.002"/>
  <testcase classname="test_two.NewClass1" name="newMethod3" time="0.001"/>
  <testcase classname="test_two.NewClass1" name="newMethod4" time="0.001"/>
  <testcase classname="test_two.NewClassThree" name="checkmethod" time="0.001"/>
  <testcase classname="test_two.NewClassThree" name="checkmethod" time="0.002"/>
  <testcase classname="test_two.NewClassThree" name="checkmethod" time="0.002"/>
  <testcase classname="test_two.NewClasstwo" name="newMethod2" time="0.002"/>
  <testcase classname="test_two.NewClasstwo" name="newMethod3" time="0.001"/>
  <testcase classname="test_two.NewClasstwo" name="newMethod4" time="0.001"/>
  <testcase classname="test_two.NewClasstwo" name="newMethod5" time="0.001"/>
  <testcase classname="test_two.NewClasstwo" name="newMethod7" time="0.0">
    <ignored/>
  </testcase> <!-- newMethod7 -->
</testsuite> <!-- package-two -->
