<?xml version="1.0" encoding="UTF-8"?>
<!-- Generated by org.testng.reporters.JUnitXMLReporter -->
<testsuite ignored="1" hostname="LAPTOP-00TCO18I" failures="0" tests="2" name="scenario2" time="0.006" errors="0" timestamp="2022-03-20T08:04:53 IST">
  <testcase classname="test.class3" name="method1" time="0.001"/>
  <testcase classname="test.class4" name="method1" time="0.0"/>
  <testcase classname="test.class3" name="method22" time="0.0">
    <ignored/>
  </testcase> <!-- method22 -->
</testsuite> <!-- scenario2 -->
